New log file opened at Sat Jul 30 15:49:25 JST 2016 by 55670@misotonpc-no-MacBook-Pro.local
Taking next connection to: 65114
New client attempting to connect on port: 65115-65114
  Address = /192.168.222.3:65114
This client on port 65115 has uuid d22bb0e8-4f37-4f6b-888e-1b3eb99084f0 configName activator humanReadableName Activator protocolVersion 3 featureTags Vector()
Connected Clients: activator-d22bb0e8-4f37-4f6b-888e-1b3eb99084f0
Taking next connection to: 65114
Checking to see if clients are empty...
We have 1 non-daemon clients, continuing serving connections.
Taking next connection to: 65114
Checking to see if clients are empty...
We have 1 non-daemon clients, continuing serving connections.
Taking next connection to: 65114
Checking to see if clients are empty...
We have 1 non-daemon clients, continuing serving connections.
Taking next connection to: 65114
Checking to see if clients are empty...
We have 1 non-daemon clients, continuing serving connections.
Taking next connection to: 65114
Checking to see if clients are empty...
We have 1 non-daemon clients, continuing serving connections.
Taking next connection to: 65114
Checking to see if clients are empty...
We have 1 non-daemon clients, continuing serving connections.
Taking next connection to: 65114
Checking to see if clients are empty...
We have 1 non-daemon clients, continuing serving connections.
Taking next connection to: 65114
Checking to see if clients are empty...
We have 1 non-daemon clients, continuing serving connections.
Taking next connection to: 65114
Checking to see if clients are empty...
We have 1 non-daemon clients, continuing serving connections.
Taking next connection to: 65114
